<?xml version="1.0" encoding="UTF-8"?>
<testng-results skipped="1" failed="2" ignored="0" total="3" passed="0">
  <reporter-output>
  </reporter-output>
  <suite name="GoogelBotFramwork" duration-ms="20236" started-at="2020-08-03T11:01:19 IST" finished-at="2020-08-03T11:01:39 IST">
    <groups>
    </groups>
    <test name="InternetExploreTest" duration-ms="71" started-at="2020-08-03T11:01:19 IST" finished-at="2020-08-03T11:01:19 IST">
      <class name="AmazonTest.ItemSelect">
        <test-method status="FAIL" signature="setDriver(java.lang.String, java.lang.String)[pri:0, instance:AmazonTest.ItemSelect@307f6b8c]" name="setDriver" is-config="true" duration-ms="14" started-at="2020-08-03T11:01:19 IST" finished-at="2020-08-03T11:01:19 IST">
          <params>
            <param index="0">
              <value>
                <![CDATA[]]>
              </value>
            </param>
            <param index="1">
              <value>
                <![CDATA[amazonurl]]>
              </value>
            </param>
          </params>
          <exception class="java.lang.Exception">
            <message>
              <![CDATA[invalid browser name]]>
            </message>
            <full-stacktrace>
              <![CDATA[java.lang.Exception: invalid browser name
at ota.BrowserFiresUtility.BrowserFires.setDriver(BrowserFires.java:112)
at sun.reflect.NativeMethodAccessorImpl.invoke0(Native Method)
at sun.reflect.NativeMethodAccessorImpl.invoke(Unknown Source)
at sun.reflect.DelegatingMethodAccessorImpl.invoke(Unknown Source)
at java.lang.reflect.Method.invoke(Unknown Source)
at org.testng.internal.MethodInvocationHelper.invokeMethod(MethodInvocationHelper.java:135)
at org.testng.internal.MethodInvocationHelper.invokeMethodConsideringTimeout(MethodInvocationHelper.java:64)
at org.testng.internal.ConfigInvoker.invokeConfigurationMethod(ConfigInvoker.java:364)
at org.testng.internal.ConfigInvoker.invokeConfigurations(ConfigInvoker.java:318)
at org.testng.TestRunner.invokeTestConfigurations(TestRunner.java:620)
at org.testng.TestRunner.beforeRun(TestRunner.java:610)
at org.testng.TestRunner.run(TestRunner.java:581)
at org.testng.SuiteRunner.runTest(SuiteRunner.java:384)
at org.testng.SuiteRunner.access$000(SuiteRunner.java:28)
at org.testng.SuiteRunner$SuiteWorker.run(SuiteRunner.java:425)
at org.testng.internal.thread.ThreadUtil.lambda$execute$0(ThreadUtil.java:68)
at java.util.concurrent.FutureTask.run(Unknown Source)
at java.util.concurrent.ThreadPoolExecutor.runWorker(Unknown Source)
at java.util.concurrent.ThreadPoolExecutor$Worker.run(Unknown Source)
at java.lang.Thread.run(Unknown Source)
]]>
            </full-stacktrace>
          </exception> <!-- java.lang.Exception -->
          <reporter-output>
          </reporter-output>
        </test-method> <!-- setDriver -->
        <test-method status="SKIP" signature="extenReportSetup()[pri:0, instance:AmazonTest.ItemSelect@307f6b8c]" name="extenReportSetup" is-config="true" duration-ms="-1596432679288" started-at="2020-08-03T11:01:19 IST" finished-at="1970-01-01T05:30:00 IST">
          <reporter-output>
          </reporter-output>
        </test-method> <!-- extenReportSetup -->
        <test-method status="SKIP" signature="Item_Select()[pri:0, instance:AmazonTest.ItemSelect@307f6b8c]" name="Item_Select" duration-ms="0" started-at="2020-08-03T11:01:19 IST" finished-at="2020-08-03T11:01:19 IST">
          <exception class="java.lang.Exception">
            <message>
              <![CDATA[invalid browser name]]>
            </message>
            <full-stacktrace>
              <![CDATA[java.lang.Exception: invalid browser name
at ota.BrowserFiresUtility.BrowserFires.setDriver(BrowserFires.java:112)
at sun.reflect.NativeMethodAccessorImpl.invoke0(Native Method)
at sun.reflect.NativeMethodAccessorImpl.invoke(Unknown Source)
at sun.reflect.DelegatingMethodAccessorImpl.invoke(Unknown Source)
at java.lang.reflect.Method.invoke(Unknown Source)
at org.testng.internal.MethodInvocationHelper.invokeMethod(MethodInvocationHelper.java:135)
at org.testng.internal.MethodInvocationHelper.invokeMethodConsideringTimeout(MethodInvocationHelper.java:64)
at org.testng.internal.ConfigInvoker.invokeConfigurationMethod(ConfigInvoker.java:364)
at org.testng.internal.ConfigInvoker.invokeConfigurations(ConfigInvoker.java:318)
at org.testng.TestRunner.invokeTestConfigurations(TestRunner.java:620)
at org.testng.TestRunner.beforeRun(TestRunner.java:610)
at org.testng.TestRunner.run(TestRunner.java:581)
at org.testng.SuiteRunner.runTest(SuiteRunner.java:384)
at org.testng.SuiteRunner.access$000(SuiteRunner.java:28)
at org.testng.SuiteRunner$SuiteWorker.run(SuiteRunner.java:425)
at org.testng.internal.thread.ThreadUtil.lambda$execute$0(ThreadUtil.java:68)
at java.util.concurrent.FutureTask.run(Unknown Source)
at java.util.concurrent.ThreadPoolExecutor.runWorker(Unknown Source)
at java.util.concurrent.ThreadPoolExecutor$Worker.run(Unknown Source)
at java.lang.Thread.run(Unknown Source)
]]>
            </full-stacktrace>
          </exception> <!-- java.lang.Exception -->
          <reporter-output>
          </reporter-output>
        </test-method> <!-- Item_Select -->
        <test-method status="SKIP" signature="tearDown(org.testng.ITestResult)[pri:0, instance:AmazonTest.ItemSelect@307f6b8c]" name="tearDown" is-config="true" duration-ms="-1596432679296" started-at="2020-08-03T11:01:19 IST" finished-at="1970-01-01T05:30:00 IST">
          <reporter-output>
          </reporter-output>
        </test-method> <!-- tearDown -->
      </class> <!-- AmazonTest.ItemSelect -->
    </test> <!-- InternetExploreTest -->
    <test name="FireFoxTest" duration-ms="14316" started-at="2020-08-03T11:01:19 IST" finished-at="2020-08-03T11:01:33 IST">
      <class name="AmazonTest.ItemSelect">
        <test-method status="PASS" signature="setDriver(java.lang.String, java.lang.String)[pri:0, instance:AmazonTest.ItemSelect@2a742aa2]" name="setDriver" is-config="true" duration-ms="12147" started-at="2020-08-03T11:01:19 IST" finished-at="2020-08-03T11:01:31 IST">
          <params>
            <param index="0">
              <value>
                <![CDATA[firefox]]>
              </value>
            </param>
            <param index="1">
              <value>
                <![CDATA[amazonurl]]>
              </value>
            </param>
          </params>
          <reporter-output>
          </reporter-output>
        </test-method> <!-- setDriver -->
        <test-method status="PASS" signature="extenReportSetup()[pri:0, instance:AmazonTest.ItemSelect@2a742aa2]" name="extenReportSetup" is-config="true" duration-ms="139" started-at="2020-08-03T11:01:31 IST" finished-at="2020-08-03T11:01:31 IST">
          <reporter-output>
          </reporter-output>
        </test-method> <!-- extenReportSetup -->
        <test-method status="FAIL" signature="Item_Select()[pri:0, instance:AmazonTest.ItemSelect@2a742aa2]" name="Item_Select" duration-ms="5" started-at="2020-08-03T11:01:31 IST" finished-at="2020-08-03T11:01:31 IST">
          <exception class="java.lang.IllegalArgumentException">
            <message>
              <![CDATA[Cannot find elements when the selector is null]]>
            </message>
            <full-stacktrace>
              <![CDATA[java.lang.IllegalArgumentException: Cannot find elements when the selector is null
at org.openqa.selenium.By$ByCssSelector.<init>(By.java:422)
at org.openqa.selenium.By.cssSelector(By.java:116)
at AmazonTest.ItemSelect.Item_Select(ItemSelect.java:18)
at sun.reflect.NativeMethodAccessorImpl.invoke0(Native Method)
at sun.reflect.NativeMethodAccessorImpl.invoke(Unknown Source)
at sun.reflect.DelegatingMethodAccessorImpl.invoke(Unknown Source)
at java.lang.reflect.Method.invoke(Unknown Source)
at org.testng.internal.MethodInvocationHelper.invokeMethod(MethodInvocationHelper.java:135)
at org.testng.internal.TestInvoker.invokeMethod(TestInvoker.java:598)
at org.testng.internal.TestInvoker.invokeTestMethod(TestInvoker.java:174)
at org.testng.internal.MethodRunner.runInSequence(MethodRunner.java:46)
at org.testng.internal.TestInvoker$MethodInvocationAgent.invoke(TestInvoker.java:821)
at org.testng.internal.TestInvoker.invokeTestMethods(TestInvoker.java:147)
at org.testng.internal.TestMethodWorker.invokeTestMethods(TestMethodWorker.java:146)
at org.testng.internal.TestMethodWorker.run(TestMethodWorker.java:128)
at java.util.ArrayList.forEach(Unknown Source)
at org.testng.TestRunner.privateRun(TestRunner.java:767)
at org.testng.TestRunner.run(TestRunner.java:588)
at org.testng.SuiteRunner.runTest(SuiteRunner.java:384)
at org.testng.SuiteRunner.access$000(SuiteRunner.java:28)
at org.testng.SuiteRunner$SuiteWorker.run(SuiteRunner.java:425)
at org.testng.internal.thread.ThreadUtil.lambda$execute$0(ThreadUtil.java:68)
at java.util.concurrent.FutureTask.run(Unknown Source)
at java.util.concurrent.ThreadPoolExecutor.runWorker(Unknown Source)
at java.util.concurrent.ThreadPoolExecutor$Worker.run(Unknown Source)
at java.lang.Thread.run(Unknown Source)
]]>
            </full-stacktrace>
          </exception> <!-- java.lang.IllegalArgumentException -->
          <reporter-output>
          </reporter-output>
        </test-method> <!-- Item_Select -->
        <test-method status="PASS" signature="tearDown(org.testng.ITestResult)[pri:0, instance:AmazonTest.ItemSelect@2a742aa2]" name="tearDown" is-config="true" duration-ms="2004" started-at="2020-08-03T11:01:31 IST" finished-at="2020-08-03T11:01:33 IST">
          <params>
            <param index="0">
              <value>
                <![CDATA[[TestResult name=Item_Select status=FAILURE method=ItemSelect.Item_Select()[pri:0, instance:AmazonTest.ItemSelect@2a742aa2] output={null}]]]>
              </value>
            </param>
          </params>
          <reporter-output>
          </reporter-output>
        </test-method> <!-- tearDown -->
      </class> <!-- AmazonTest.ItemSelect -->
    </test> <!-- FireFoxTest -->
    <test name="ChromeTest" duration-ms="20236" started-at="2020-08-03T11:01:19 IST" finished-at="2020-08-03T11:01:39 IST">
      <class name="AmazonTest.ItemSelect">
        <test-method status="PASS" signature="setDriver(java.lang.String, java.lang.String)[pri:0, instance:AmazonTest.ItemSelect@27a8c74e]" name="setDriver" is-config="true" duration-ms="19528" started-at="2020-08-03T11:01:19 IST" finished-at="2020-08-03T11:01:38 IST">
          <params>
            <param index="0">
              <value>
                <![CDATA[chrome]]>
              </value>
            </param>
            <param index="1">
              <value>
                <![CDATA[amazonurl]]>
              </value>
            </param>
          </params>
          <reporter-output>
          </reporter-output>
        </test-method> <!-- setDriver -->
        <test-method status="PASS" signature="extenReportSetup()[pri:0, instance:AmazonTest.ItemSelect@27a8c74e]" name="extenReportSetup" is-config="true" duration-ms="2" started-at="2020-08-03T11:01:38 IST" finished-at="2020-08-03T11:01:38 IST">
          <reporter-output>
          </reporter-output>
        </test-method> <!-- extenReportSetup -->
        <test-method status="FAIL" signature="Item_Select()[pri:0, instance:AmazonTest.ItemSelect@27a8c74e]" name="Item_Select" duration-ms="4" started-at="2020-08-03T11:01:38 IST" finished-at="2020-08-03T11:01:38 IST">
          <exception class="java.lang.IllegalArgumentException">
            <message>
              <![CDATA[Cannot find elements when the selector is null]]>
            </message>
            <full-stacktrace>
              <![CDATA[java.lang.IllegalArgumentException: Cannot find elements when the selector is null
at org.openqa.selenium.By$ByCssSelector.<init>(By.java:422)
at org.openqa.selenium.By.cssSelector(By.java:116)
at AmazonTest.ItemSelect.Item_Select(ItemSelect.java:18)
at sun.reflect.NativeMethodAccessorImpl.invoke0(Native Method)
at sun.reflect.NativeMethodAccessorImpl.invoke(Unknown Source)
at sun.reflect.DelegatingMethodAccessorImpl.invoke(Unknown Source)
at java.lang.reflect.Method.invoke(Unknown Source)
at org.testng.internal.MethodInvocationHelper.invokeMethod(MethodInvocationHelper.java:135)
at org.testng.internal.TestInvoker.invokeMethod(TestInvoker.java:598)
at org.testng.internal.TestInvoker.invokeTestMethod(TestInvoker.java:174)
at org.testng.internal.MethodRunner.runInSequence(MethodRunner.java:46)
at org.testng.internal.TestInvoker$MethodInvocationAgent.invoke(TestInvoker.java:821)
at org.testng.internal.TestInvoker.invokeTestMethods(TestInvoker.java:147)
at org.testng.internal.TestMethodWorker.invokeTestMethods(TestMethodWorker.java:146)
at org.testng.internal.TestMethodWorker.run(TestMethodWorker.java:128)
at java.util.ArrayList.forEach(Unknown Source)
at org.testng.TestRunner.privateRun(TestRunner.java:767)
at org.testng.TestRunner.run(TestRunner.java:588)
at org.testng.SuiteRunner.runTest(SuiteRunner.java:384)
at org.testng.SuiteRunner.access$000(SuiteRunner.java:28)
at org.testng.SuiteRunner$SuiteWorker.run(SuiteRunner.java:425)
at org.testng.internal.thread.ThreadUtil.lambda$execute$0(ThreadUtil.java:68)
at java.util.concurrent.FutureTask.run(Unknown Source)
at java.util.concurrent.ThreadPoolExecutor.runWorker(Unknown Source)
at java.util.concurrent.ThreadPoolExecutor$Worker.run(Unknown Source)
at java.lang.Thread.run(Unknown Source)
]]>
            </full-stacktrace>
          </exception> <!-- java.lang.IllegalArgumentException -->
          <reporter-output>
          </reporter-output>
        </test-method> <!-- Item_Select -->
        <test-method status="PASS" signature="tearDown(org.testng.ITestResult)[pri:0, instance:AmazonTest.ItemSelect@27a8c74e]" name="tearDown" is-config="true" duration-ms="693" started-at="2020-08-03T11:01:38 IST" finished-at="2020-08-03T11:01:39 IST">
          <params>
            <param index="0">
              <value>
                <![CDATA[[TestResult name=Item_Select status=FAILURE method=ItemSelect.Item_Select()[pri:0, instance:AmazonTest.ItemSelect@27a8c74e] output={null}]]]>
              </value>
            </param>
          </params>
          <reporter-output>
          </reporter-output>
        </test-method> <!-- tearDown -->
      </class> <!-- AmazonTest.ItemSelect -->
    </test> <!-- ChromeTest -->
  </suite> <!-- GoogelBotFramwork -->
</testng-results>
